<?xml version="1.0" encoding="UTF-8"?>
<testng-results ignored="0" total="1" passed="1" failed="0" skipped="0">
  <reporter-output>
  </reporter-output>
  <suite started-at="2021-01-25T23:19:02 IST" name="Default suite" finished-at="2021-01-25T23:19:43 IST" duration-ms="41068">
    <groups>
    </groups>
    <test started-at="2021-01-25T23:19:02 IST" name="Default test" finished-at="2021-01-25T23:19:43 IST" duration-ms="41068">
      <class name="testcases.addsvc">
        <test-method is-config="true" signature="login()[pri:0, instance:testcases.addsvc@6a03bcb1]" started-at="2021-01-25T23:19:02 IST" name="login" finished-at="2021-01-25T23:19:18 IST" duration-ms="15502" status="PASS">
          <reporter-output>
          </reporter-output>
        </test-method> <!-- login -->
        <test-method signature="newsvc()[pri:1, instance:testcases.addsvc@6a03bcb1]" started-at="2021-01-25T23:19:18 IST" name="newsvc" finished-at="2021-01-25T23:19:43 IST" duration-ms="25435" status="PASS">
          <reporter-output>
          </reporter-output>
        </test-method> <!-- newsvc -->
      </class> <!-- testcases.addsvc -->
    </test> <!-- Default test -->
  </suite> <!-- Default suite -->
</testng-results>
